<?xml version="1.0" encoding="UTF-8"?>
<testng-results ignored="0" total="1" passed="1" failed="0" skipped="0">
  <reporter-output>
    <line>
      <![CDATA[Running verify userID]]>
    </line>
    <line>
      <![CDATA[Logout the application]]>
    </line>
    <line>
      <![CDATA[Close the App]]>
    </line>
  </reporter-output>
  <suite started-at="2022-08-23T23:38:47 IST" name="Suite" finished-at="2022-08-23T23:39:40 IST" duration-ms="52025">
    <groups>
    </groups>
    <test started-at="2022-08-23T23:38:47 IST" name="Test" finished-at="2022-08-23T23:39:40 IST" duration-ms="52025">
      <class name="POM_with_DDF_using_TestNG.KiteTestT">
        <test-method is-config="true" signature="openBrowser()[pri:0, instance:POM_with_DDF_using_TestNG.KiteTestT@4dbb42b7]" started-at="2022-08-23T23:38:48 IST" name="openBrowser" finished-at="2022-08-23T23:39:19 IST" duration-ms="31544" status="PASS">
          <reporter-output>
          </reporter-output>
        </test-method> <!-- openBrowser -->
        <test-method is-config="true" signature="LoginToApp()[pri:0, instance:POM_with_DDF_using_TestNG.KiteTestT@4dbb42b7]" started-at="2022-08-23T23:39:19 IST" name="LoginToApp" finished-at="2022-08-23T23:39:24 IST" duration-ms="4838" status="PASS">
          <reporter-output>
          </reporter-output>
        </test-method> <!-- LoginToApp -->
        <test-method signature="verifyuserID()[pri:0, instance:POM_with_DDF_using_TestNG.KiteTestT@4dbb42b7]" started-at="2022-08-23T23:39:24 IST" name="verifyuserID" finished-at="2022-08-23T23:39:36 IST" duration-ms="12483" status="PASS">
          <reporter-output>
            <line>
              <![CDATA[Running verify userID]]>
            </line>
          </reporter-output>
        </test-method> <!-- verifyuserID -->
        <test-method is-config="true" signature="logoutApp()[pri:0, instance:POM_with_DDF_using_TestNG.KiteTestT@4dbb42b7]" started-at="2022-08-23T23:39:36 IST" name="logoutApp" finished-at="2022-08-23T23:39:36 IST" duration-ms="0" status="PASS">
          <reporter-output>
            <line>
              <![CDATA[Logout the application]]>
            </line>
          </reporter-output>
        </test-method> <!-- logoutApp -->
        <test-method is-config="true" signature="closeBrowser()[pri:0, instance:POM_with_DDF_using_TestNG.KiteTestT@4dbb42b7]" started-at="2022-08-23T23:39:36 IST" name="closeBrowser" finished-at="2022-08-23T23:39:40 IST" duration-ms="3098" status="PASS">
          <reporter-output>
            <line>
              <![CDATA[Close the App]]>
            </line>
          </reporter-output>
        </test-method> <!-- closeBrowser -->
      </class> <!-- POM_with_DDF_using_TestNG.KiteTestT -->
    </test> <!-- Test -->
  </suite> <!-- Suite -->
</testng-results>
